[    0.000000] Linux version 4.15.0-46-generic (buildd@lgw01-amd64-038) (gcc version 7.3.0 (Ubuntu 7.3.0-16ubuntu3)) #49-Ubuntu SMP Wed Feb 6 09:33:07 UTC 2019 (Ubuntu 4.15.0-46.49-generic 4.15.18)
[    0.000000] Command line: BOOT_IMAGE=/boot/vmlinuz-4.15.0-46-generic root=LABEL=cloudimg-rootfs ro console=tty1 console=ttyS0
[    0.000000] KERNEL supported cpus:
[    0.000000]   Intel GenuineIntel
[    0.000000]   AMD AuthenticAMD
[    0.000000]   Centaur CentaurHauls
[    0.000000] x86/fpu: Supporting XSAVE feature 0x001: 'x87 floating point registers'
[    0.000000] x86/fpu: Supporting XSAVE feature 0x002: 'SSE registers'
[    0.000000] x86/fpu: Supporting XSAVE feature 0x004: 'AVX registers'
[    0.000000] x86/fpu: xstate_offset[2]:  576, xstate_sizes[2]:  256
[    0.000000] x86/fpu: Enabled xstate features 0x7, context size is 832 bytes, using 'standard' format.
[    0.000000] e820: BIOS-provided physical RAM map:
[    0.000000] BIOS-e820: [mem 0x0000000000000000-0x000000000009fbff] usable
[    0.000000] BIOS-e820: [mem 0x000000000009fc00-0x000000000009ffff] reserved
[    0.000000] BIOS-e820: [mem 0x00000000000f0000-0x00000000000fffff] reserved
[    0.000000] BIOS-e820: [mem 0x0000000000100000-0x000000001ffeffff] usable
[    0.000000] BIOS-e820: [mem 0x000000001fff0000-0x000000001fffffff] ACPI data
[    0.000000] BIOS-e820: [mem 0x00000000fec00000-0x00000000fec00fff] reserved
[    0.000000] BIOS-e820: [mem 0x00000000fee00000-0x00000000fee00fff] reserved
[    0.000000] BIOS-e820: [mem 0x00000000fffc0000-0x00000000ffffffff] reserved
[    0.000000] NX (Execute Disable) protection: active
[    0.000000] SMBIOS 2.5 present.
[    0.000000] DMI: innotek GmbH VirtualBox/VirtualBox, BIOS VirtualBox 12/01/2006
[    0.000000] Hypervisor detected: KVM
[    0.000000] e820: last_pfn = 0x1fff0 max_arch_pfn = 0x400000000
[    0.000000] MTRR: Disabled
[    0.000000] x86/PAT: MTRRs disabled, skipping PAT initialization too.
[    0.000000] CPU MTRRs all blank - virtualized system.
[    0.000000] x86/PAT: Configuration [0-7]: WB  WT  UC- UC  WB  WT  UC- UC  
[    0.000000] found SMP MP-table at [mem 0x0009fff0-0x0009ffff] mapped at [        (ptrval)]
[    0.000000] Scanning 1 areas for low memory corruption
[    0.000000] RAMDISK: [mem 0x1dbca000-0x1ee52fff]
[    0.000000] ACPI: Early table checksum verification disabled
[    0.000000] ACPI: RSDP 0x00000000000E0000 000024 (v02 VBOX  )
[    0.000000] ACPI: XSDT 0x000000001FFF0030 00003C (v01 VBOX   VBOXXSDT 00000001 ASL  00000061)
[    0.000000] ACPI: FACP 0x000000001FFF00F0 0000F4 (v04 VBOX   VBOXFACP 00000001 ASL  00000061)
[    0.000000] ACPI: DSDT 0x000000001FFF0470 0021C8 (v02 VBOX   VBOXBIOS 00000002 INTL 20100528)
[    0.000000] ACPI: FACS 0x000000001FFF0200 000040
[    0.000000] ACPI: FACS 0x000000001FFF0200 000040
[    0.000000] ACPI: APIC 0x000000001FFF0240 00005C (v02 VBOX   VBOXAPIC 00000001 ASL  00000061)
[    0.000000] ACPI: SSDT 0x000000001FFF02A0 0001CC (v01 VBOX   VBOXCPUT 00000002 INTL 20100528)
[    0.000000] No NUMA configuration found
[    0.000000] Faking a node at [mem 0x0000000000000000-0x000000001ffeffff]
[    0.000000] NODE_DATA(0) allocated [mem 0x1ffc5000-0x1ffeffff]
[    0.000000] kvm-clock: cpu 0, msr 0:1ff44001, primary cpu clock
[    0.000000] kvm-clock: Using msrs 4b564d01 and 4b564d00
[    0.000000] kvm-clock: using sched offset of 5314151678 cycles
[    0.000000] clocksource: kvm-clock: mask: 0xffffffffffffffff max_cycles: 0x1cd42e4dffb, max_idle_ns: 881590591483 ns
[    0.000000] Zone ranges:
[    0.000000]   DMA      [mem 0x0000000000001000-0x0000000000ffffff]
[    0.000000]   DMA32    [mem 0x0000000001000000-0x000000001ffeffff]
[    0.000000]   Normal   empty
[    0.000000]   Device   empty
[    0.000000] Movable zone start for each node
[    0.000000] Early memory node ranges
[    0.000000]   node   0: [mem 0x0000000000001000-0x000000000009efff]
[    0.000000]   node   0: [mem 0x0000000000100000-0x000000001ffeffff]
[    0.000000] Reserved but unavailable: 114 pages
[    0.000000] Initmem setup node 0 [mem 0x0000000000001000-0x000000001ffeffff]
[    0.000000] ACPI: PM-Timer IO Port: 0x4008
[    0.000000] IOAPIC[0]: apic_id 2, version 32, address 0xfec00000, GSI 0-23
[    0.000000] ACPI: INT_SRC_OVR (bus 0 bus_irq 0 global_irq 2 dfl dfl)
[    0.000000] ACPI: INT_SRC_OVR (bus 0 bus_irq 9 global_irq 9 high level)
[    0.000000] Using ACPI (MADT) for SMP configuration information
[    0.000000] smpboot: Allowing 2 CPUs, 0 hotplug CPUs
[    0.000000] PM: Registered nosave memory: [mem 0x00000000-0x00000fff]
[    0.000000] PM: Registered nosave memory: [mem 0x0009f000-0x0009ffff]
[    0.000000] PM: Registered nosave memory: [mem 0x000a0000-0x000effff]
[    0.000000] PM: Registered nosave memory: [mem 0x000f0000-0x000fffff]
[    0.000000] e820: [mem 0x20000000-0xfebfffff] available for PCI devices
[    0.000000] Booting paravirtualized kernel on KVM
[    0.000000] clocksource: refined-jiffies: mask: 0xffffffff max_cycles: 0xffffffff, max_idle_ns: 7645519600211568 ns
[    0.000000] random: get_random_bytes called from start_kernel+0x99/0x4fd with crng_init=0
[    0.000000] setup_percpu: NR_CPUS:8192 nr_cpumask_bits:2 nr_cpu_ids:2 nr_node_ids:1
[    0.000000] percpu: Embedded 46 pages/cpu @        (ptrval) s151552 r8192 d28672 u1048576
[    0.000000] PV qspinlock hash table entries: 256 (order: 0, 4096 bytes)
[    0.000000] Built 1 zonelists, mobility grouping on.  Total pages: 128889
[    0.000000] Policy zone: DMA32
[    0.000000] Kernel command line: BOOT_IMAGE=/boot/vmlinuz-4.15.0-46-generic root=LABEL=cloudimg-rootfs ro console=tty1 console=ttyS0
[    0.000000] Memory: 467508K/523832K available (12300K kernel code, 2473K rwdata, 4252K rodata, 2408K init, 2416K bss, 56324K reserved, 0K cma-reserved)
[    0.000000] SLUB: HWalign=64, Order=0-3, MinObjects=0, CPUs=2, Nodes=1
[    0.000000] Kernel/User page tables isolation: enabled
[    0.000000] ftrace: allocating 39198 entries in 154 pages
[    0.004000] Hierarchical RCU implementation.
[    0.004000] 	RCU restricting CPUs from NR_CPUS=8192 to nr_cpu_ids=2.
[    0.004000] 	Tasks RCU enabled.
[    0.004000] RCU: Adjusting geometry for rcu_fanout_leaf=16, nr_cpu_ids=2
[    0.004000] NR_IRQS: 524544, nr_irqs: 440, preallocated irqs: 16
[    0.004000] Console: colour VGA+ 80x25
[    0.004000] console [tty1] enabled
[    0.004000] console [ttyS0] enabled
[    0.004000] ACPI: Core revision 20170831
[    0.004000] ACPI: 2 ACPI AML tables successfully acquired and loaded
[    0.004000] APIC: Switch to symmetric I/O mode setup
[    0.004757] x2apic enabled
[    0.008007] Switched APIC routing to physical x2apic.
[    0.014644] ..TIMER: vector=0x30 apic1=0 pin1=2 apic2=-1 pin2=-1
[    0.016006] tsc: Detected 2195.014 MHz processor
[    0.020018] Calibrating delay loop (skipped) preset value.. 4390.02 BogoMIPS (lpj=8780056)
[    0.024005] pid_max: default: 32768 minimum: 301
[    0.028084] Security Framework initialized
[    0.032010] Yama: becoming mindful.
[    0.036065] AppArmor: AppArmor initialized
[    0.040204] Dentry cache hash table entries: 65536 (order: 7, 524288 bytes)
[    0.044168] Inode-cache hash table entries: 32768 (order: 6, 262144 bytes)
[    0.048028] Mount-cache hash table entries: 1024 (order: 1, 8192 bytes)
[    0.052007] Mountpoint-cache hash table entries: 1024 (order: 1, 8192 bytes)
[    0.056528] mce: CPU supports 0 MCE banks
[    0.060037] Last level iTLB entries: 4KB 512, 2MB 8, 4MB 8
[    0.064010] Last level dTLB entries: 4KB 512, 2MB 32, 4MB 32, 1GB 0
[    0.068006] Spectre V2 : Mitigation: Full generic retpoline
[    0.072003] Spectre V2 : Spectre v2 / SpectreRSB mitigation: Filling RSB on context switch
[    0.076009] Speculative Store Bypass: Vulnerable
[    0.080423] Freeing SMP alternatives memory: 36K
[    0.088000] smpboot: CPU0: Intel(R) Core(TM) i7-3632QM CPU @ 2.20GHz (family: 0x6, model: 0x3a, stepping: 0x9)
[    0.088232] Performance Events: unsupported p6 CPU model 58 no PMU driver, software events only.
[    0.092129] Hierarchical SRCU implementation.
[    0.096917] NMI watchdog: Perf event create on CPU 0 failed with -2
[    0.100004] NMI watchdog: Perf NMI watchdog permanently disabled
[    0.104123] smp: Bringing up secondary CPUs ...
[    0.108180] x86: Booting SMP configuration:
[    0.109768] .... node  #0, CPUs:      #1
[    0.004000] kvm-clock: cpu 1, msr 0:1ff44041, secondary cpu clock
[    0.004000] mce: CPU supports 0 MCE banks
[    0.136042] smp: Brought up 1 node, 2 CPUs
[    0.140015] smpboot: Max logical packages: 1
[    0.141542] smpboot: Total of 2 processors activated (8780.05 BogoMIPS)
[    0.144262] devtmpfs: initialized
[    0.148130] x86/mm: Memory block size: 128MB
[    0.152169] evm: security.selinux
[    0.156005] evm: security.SMACK64
[    0.157260] evm: security.SMACK64EXEC
[    0.158622] evm: security.SMACK64TRANSMUTE
[    0.160003] evm: security.SMACK64MMAP
[    0.164008] evm: security.apparmor
[    0.168009] evm: security.ima
[    0.172009] evm: security.capability
[    0.180239] clocksource: jiffies: mask: 0xffffffff max_cycles: 0xffffffff, max_idle_ns: 7645041785100000 ns
[    0.183317] futex hash table entries: 512 (order: 3, 32768 bytes)
[    0.184110] pinctrl core: initialized pinctrl subsystem
[    0.186211] RTC time:  4:08:40, date: 03/12/19
[    0.188362] NET: Registered protocol family 16
[    0.192296] audit: initializing netlink subsys (disabled)
[    0.196075] audit: type=2000 audit(1552363724.866:1): state=initialized audit_enabled=0 res=1
[    0.248018] cpuidle: using governor ladder
[    0.252028] cpuidle: using governor menu
[    0.256170] ACPI: bus type PCI registered
[    0.260005] acpiphp: ACPI Hot Plug PCI Controller Driver version: 0.5
[    0.264223] PCI: Using configuration type 1 for base access
[    0.273427] HugeTLB registered 2.00 MiB page size, pre-allocated 0 pages
[    0.276250] ACPI: Added _OSI(Module Device)
[    0.280020] ACPI: Added _OSI(Processor Device)
[    0.284020] ACPI: Added _OSI(3.0 _SCP Extensions)
[    0.288011] ACPI: Added _OSI(Processor Aggregator Device)
[    0.292013] ACPI: Added _OSI(Linux-Dell-Video)
[    0.296005] ACPI: Added _OSI(Linux-Lenovo-NV-HDMI-Audio)
[    0.300013] ACPI: Added _OSI(Linux-HPI-Hybrid-Graphics)
[    0.304584] ACPI: Executed 1 blocks of module-level executable AML code
[    0.323857] ACPI: Interpreter enabled
[    0.324051] ACPI: (supports S0 S5)
[    0.328008] ACPI: Using IOAPIC for interrupt routing
[    0.333010] PCI: Using host bridge windows from ACPI; if necessary, use "pci=nocrs" and report a bug
[    0.336513] ACPI: Enabled 2 GPEs in block 00 to 07
[    0.363294] ACPI: PCI Root Bridge [PCI0] (domain 0000 [bus 00-ff])
[    0.364027] acpi PNP0A03:00: _OSC: OS supports [ASPM ClockPM Segments MSI]
[    0.368018] acpi PNP0A03:00: _OSC failed (AE_NOT_FOUND); disabling ASPM
[    0.372045] acpi PNP0A03:00: fail to add MMCONFIG information, can't access extended PCI configuration space under this bridge.
[    0.380473] PCI host bridge to bus 0000:00
[    0.384019] pci_bus 0000:00: root bus resource [io  0x0000-0x0cf7 window]
[    0.388016] pci_bus 0000:00: root bus resource [io  0x0d00-0xffff window]
[    0.392017] pci_bus 0000:00: root bus resource [mem 0x000a0000-0x000bffff window]
[    0.396017] pci_bus 0000:00: root bus resource [mem 0x20000000-0xffdfffff window]
[    0.400021] pci_bus 0000:00: root bus resource [bus 00-ff]
[    0.411358] pci 0000:00:01.1: legacy IDE quirk: reg 0x10: [io  0x01f0-0x01f7]
[    0.412014] pci 0000:00:01.1: legacy IDE quirk: reg 0x14: [io  0x03f6]
[    0.416015] pci 0000:00:01.1: legacy IDE quirk: reg 0x18: [io  0x0170-0x0177]
[    0.420013] pci 0000:00:01.1: legacy IDE quirk: reg 0x1c: [io  0x0376]
[    0.441723] pci 0000:00:07.0: quirk: [io  0x4000-0x403f] claimed by PIIX4 ACPI
[    0.444059] pci 0000:00:07.0: quirk: [io  0x4100-0x410f] claimed by PIIX4 SMB
[    0.465433] ACPI: PCI Interrupt Link [LNKA] (IRQs 5 9 10 *11)
[    0.469195] ACPI: PCI Interrupt Link [LNKB] (IRQs 5 9 10 *11)
[    0.472404] ACPI: PCI Interrupt Link [LNKC] (IRQs 5 9 *10 11)
[    0.476381] ACPI: PCI Interrupt Link [LNKD] (IRQs 5 *9 10 11)
[    0.481007] SCSI subsystem initialized
[    0.484128] pci 0000:00:02.0: vgaarb: setting as boot VGA device
[    0.488000] pci 0000:00:02.0: vgaarb: VGA device added: decodes=io+mem,owns=io+mem,locks=none
[    0.488015] pci 0000:00:02.0: vgaarb: bridge control possible
[    0.492007] vgaarb: loaded
[    0.496081] ACPI: bus type USB registered
[    0.500068] usbcore: registered new interface driver usbfs
[    0.504058] usbcore: registered new interface driver hub
[    0.508070] usbcore: registered new device driver usb
[    0.512185] EDAC MC: Ver: 3.0.0
[    0.516518] PCI: Using ACPI for IRQ routing
[    0.520661] NetLabel: Initializing
[    0.524009] NetLabel:  domain hash size = 128
[    0.525570] NetLabel:  protocols = UNLABELED CIPSOv4 CALIPSO
[    0.528053] NetLabel:  unlabeled traffic allowed by default
[    0.532211] clocksource: Switched to clocksource kvm-clock
[    0.636006] VFS: Disk quotas dquot_6.6.0
[    0.731579] VFS: Dquot-cache hash table entries: 512 (order 0, 4096 bytes)
[    0.905718] AppArmor: AppArmor Filesystem Enabled
[    1.013252] pnp: PnP ACPI init
[    1.017420] pnp: PnP ACPI: found 3 devices
[    1.032531] clocksource: acpi_pm: mask: 0xffffff max_cycles: 0xffffff, max_idle_ns: 2085701024 ns
[    1.050897] NET: Registered protocol family 2
[    1.053116] TCP established hash table entries: 4096 (order: 3, 32768 bytes)
[    1.055505] TCP bind hash table entries: 4096 (order: 4, 65536 bytes)
[    1.133084] TCP: Hash tables configured (established 4096 bind 4096)
[    1.158619] UDP hash table entries: 256 (order: 1, 8192 bytes)
[    1.160632] UDP-Lite hash table entries: 256 (order: 1, 8192 bytes)
[    1.186491] NET: Registered protocol family 1
[    1.276049] pci 0000:00:00.0: Limiting direct PCI/PCI transfers
[    1.308731] pci 0000:00:01.0: Activating ISA DMA hang workarounds
[    1.323285] pci 0000:00:02.0: Video device with shadowed ROM at [mem 0x000c0000-0x000dffff]
[    1.467091] Unpacking initramfs...
[    2.182005] Freeing initrd memory: 18980K
[    2.195163] platform rtc_cmos: registered platform RTC device (no PNP device found)
[    2.199062] Scanning for low memory corruption every 60 seconds
[    2.204950] Initialise system trusted keyrings
[    2.207202] Key type blacklist registered
[    2.217536] workingset: timestamp_bits=36 max_order=17 bucket_order=0
[    2.246138] zbud: loaded
[    2.262936] squashfs: version 4.0 (2009/01/31) Phillip Lougher
[    2.266033] fuse init (API version 7.26)
[    2.274451] Key type asymmetric registered
[    2.285231] Asymmetric key parser 'x509' registered
[    2.287576] Block layer SCSI generic (bsg) driver version 0.4 loaded (major 246)
[    2.309141] io scheduler noop registered
[    2.311099] io scheduler deadline registered
[    2.332851] io scheduler cfq registered (default)
[    2.346791] ACPI: AC Adapter [AC] (on-line)
[    2.351719] input: Power Button as /devices/LNXSYSTM:00/LNXPWRBN:00/input/input0
[    2.355601] ACPI: Power Button [PWRF]
[    2.357835] input: Sleep Button as /devices/LNXSYSTM:00/LNXSLPBN:00/input/input1
[    2.361591] ACPI: Sleep Button [SLPF]
[    2.366063] ACPI: Battery Slot [BAT0] (battery present)
[    2.371909] Serial: 8250/16550 driver, 32 ports, IRQ sharing enabled
[    2.405032] 00:02: ttyS0 at I/O 0x3f8 (irq = 4, base_baud = 115200) is a 16550A
[    2.415948] Linux agpgart interface v0.103
[    2.471936] loop: module loaded
[    2.491729] scsi host0: ata_piix
[    2.538865] scsi host1: ata_piix
[    2.565763] ata1: PATA max UDMA/33 cmd 0x1f0 ctl 0x3f6 bmdma 0xd000 irq 14
[    2.587580] ata2: PATA max UDMA/33 cmd 0x170 ctl 0x376 bmdma 0xd008 irq 15
[    2.597281] libphy: Fixed MDIO Bus: probed
[    2.636929] tun: Universal TUN/TAP device driver, 1.6
[    2.714733] PPP generic driver version 2.4.2
[    2.745443] ehci_hcd: USB 2.0 'Enhanced' Host Controller (EHCI) Driver
[    2.747646] ehci-pci: EHCI PCI platform driver
[    2.788183] ehci-platform: EHCI generic platform driver
[    2.790014] ohci_hcd: USB 1.1 'Open' Host Controller (OHCI) Driver
[    2.802693] ohci-pci: OHCI PCI platform driver
[    2.874013] ohci-platform: OHCI generic platform driver
[    2.948964] uhci_hcd: USB Universal Host Controller Interface driver
[    3.023694] i8042: PNP: PS/2 Controller [PNP0303:PS2K,PNP0f03:PS2M] at 0x60,0x64 irq 1,12
[    3.182788] serio: i8042 KBD port at 0x60,0x64 irq 1
[    3.278330] tsc: Refined TSC clocksource calibration: 2196.219 MHz
[    3.380488] clocksource: tsc: mask: 0xffffffffffffffff max_cycles: 0x1fa83f3fad1, max_idle_ns: 440795314271 ns
[    3.380634] serio: i8042 AUX port at 0x60,0x64 irq 12
[    3.380898] mousedev: PS/2 mouse device common for all mice
[    3.381430] input: AT Translated Set 2 keyboard as /devices/platform/i8042/serio0/input/input2
[    3.381948] rtc_cmos rtc_cmos: rtc core: registered rtc_cmos as rtc0
[    3.382081] rtc_cmos rtc_cmos: alarms up to one day, 114 bytes nvram
[    3.382094] i2c /dev entries driver
[    3.382102] pcie_mp2_amd: AMD(R) PCI-E MP2 Communication Driver Version: 1.0
[    3.382251] device-mapper: uevent: version 1.0.3
[    3.382418] device-mapper: ioctl: 4.37.0-ioctl (2017-09-20) initialised: dm-devel@redhat.com
[    3.667045] ledtrig-cpu: registered to indicate activity on CPUs
[    3.680028] NET: Registered protocol family 10
[    3.712264] Segment Routing with IPv6
[    3.724360] NET: Registered protocol family 17
[    3.726158] Key type dns_resolver registered
[    3.738615] RAS: Correctable Errors collector initialized.
[    3.760220] sched_clock: Marking stable (3760124506, 0)->(8409734501, -4649609995)
[    3.802514] registered taskstats version 1
[    3.810002] Loading compiled-in X.509 certificates
[    3.818192] Loaded X.509 cert 'Build time autogenerated kernel key: b873a790e41754b50f7dbae45b6bd46229c3c73f'
[    3.827379] zswap: loaded using pool lzo/zbud
[    3.836189] Key type big_key registered
[    3.846004] Key type trusted registered
[    3.851438] Key type encrypted registered
[    3.879729] AppArmor: AppArmor sha1 policy hashing enabled
[    3.881696] ima: No TPM chip found, activating TPM-bypass! (rc=-19)
[    3.891795] ima: Allocated hash algorithm: sha1
[    3.899327] evm: HMAC attrs: 0x1
[    3.901186]   Magic number: 11:368:110
[    3.904121] alarmtimer alarmtimer: hash matches
[    3.906019] rtc_cmos rtc_cmos: setting system clock to 2019-03-12 04:08:45 UTC (1552363725)
[    3.910703] BIOS EDD facility v0.16 2004-Jun-25, 0 devices found
[    3.923267] EDD information not available.
[    3.936494] Freeing unused kernel memory: 2408K
[    3.976330] Write protecting the kernel read-only data: 20480k
[    3.997450] Freeing unused kernel memory: 2008K
[    4.013167] Freeing unused kernel memory: 1892K
[    4.092920] x86/mm: Checked W+X mappings: passed, no W+X pages found.
[    4.179210] x86/mm: Checking user space page tables
[    4.261657] x86/mm: Checked W+X mappings: passed, no W+X pages found.
Loading, please wait...
starting version 237
[    4.496760] Fusion MPT base driver 3.04.20
[    4.505285] Copyright (c) 1999-2008 LSI Corporation
[    4.509614] e1000: Intel(R) PRO/1000 Network Driver - version 7.3.21-k8-NAPI
[    4.527836] e1000: Copyright (c) 1999-2006 Intel Corporation.
[    4.566310] AVX version of gcm_enc/dec engaged.
[    4.583466] AES CTR mode by8 optimization enabled
[    4.590312] Fusion MPT SPI Host driver 3.04.20
[    4.771800] input: ImExPS/2 Generic Explorer Mouse as /devices/platform/i8042/serio1/input/input4
[    5.079331] e1000 0000:00:03.0 eth0: (PCI:33MHz:32-bit) 02:c5:de:4e:7c:a4
[    5.105501] e1000 0000:00:03.0 eth0: Intel(R) PRO/1000 Network Connection
[    5.619652] e1000 0000:00:08.0 eth1: (PCI:33MHz:32-bit) 08:00:27:bb:d9:53
[    5.629881] e1000 0000:00:08.0 eth1: Intel(R) PRO/1000 Network Connection
[    5.635915] e1000 0000:00:03.0 enp0s3: renamed from eth0
[    5.650768] mptbase: ioc0: Initiating bringup
[    5.670430] e1000 0000:00:08.0 enp0s8: renamed from eth1
[    5.757130] ioc0: LSI53C1030 A0: Capabilities={Initiator}
[    6.002637] scsi host2: ioc0: LSI53C1030 A0, FwRev=00000000h, Ports=1, MaxQ=256, IRQ=20
[    6.180861] scsi 2:0:0:0: Direct-Access     VBOX     HARDDISK         1.0  PQ: 0 ANSI: 5
[    6.240231] scsi target2:0:0: Beginning Domain Validation
[    6.268032] scsi target2:0:0: Domain Validation skipping write tests
[    6.313772] scsi target2:0:0: Ending Domain Validation
[    6.315789] scsi target2:0:0: asynchronous
[    6.324229] scsi 2:0:1:0: Direct-Access     VBOX     HARDDISK         1.0  PQ: 0 ANSI: 5
[    6.364484] scsi target2:0:1: Beginning Domain Validation
[    6.383103] random: fast init done
[    6.452198] scsi target2:0:1: Domain Validation skipping write tests
[    6.471547] scsi target2:0:1: Ending Domain Validation
[    6.488941] scsi target2:0:1: asynchronous
[    6.499823] random: systemd-udevd: uninitialized urandom read (16 bytes read)
[    6.506192] random: systemd-udevd: uninitialized urandom read (16 bytes read)
[    6.508861] random: systemd-udevd: uninitialized urandom read (16 bytes read)
[    6.534616] sd 2:0:0:0: Attached scsi generic sg0 type 0
[    6.534730] sd 2:0:0:0: [sda] 20971520 512-byte logical blocks: (10.7 GB/10.0 GiB)
[    6.534796] sd 2:0:0:0: [sda] Write Protect is off
[    6.534998] sd 2:0:0:0: [sda] Incomplete mode parameter data
[    6.535001] sd 2:0:0:0: [sda] Assuming drive cache: write through
[    6.559352]  sda: sda1
[    6.560519] sd 2:0:0:0: [sda] Attached SCSI disk
[    6.581324] sd 2:0:1:0: [sdb] 20480 512-byte logical blocks: (10.5 MB/10.0 MiB)
[    6.719059] sd 2:0:1:0: Attached scsi generic sg1 type 0
[    6.719267] sd 2:0:1:0: [sdb] Write Protect is off
[    6.719506] sd 2:0:1:0: [sdb] Incomplete mode parameter data
[    6.719509] sd 2:0:1:0: [sdb] Assuming drive cache: write through
[    6.751835] sd 2:0:1:0: [sdb] Attached SCSI disk
Begin: Loading essential drivers ... [    9.164243] raid6: sse2x1   gen()  2419 MB/s
[    9.248094] raid6: sse2x1   xor()  1548 MB/s
[    9.356385] raid6: sse2x2   gen()  5333 MB/s
[    9.456206] raid6: sse2x2   xor()  2466 MB/s
[    9.560468] raid6: sse2x4   gen()  5930 MB/s
[    9.652026] raid6: sse2x4   xor()  3443 MB/s
[    9.685911] raid6: using algorithm sse2x4 gen() 5930 MB/s
[    9.687778] raid6: .... xor() 3443 MB/s, rmw enabled
[    9.689581] raid6: using ssse3x2 recovery algorithm
[    9.735861] xor: automatically using best checksumming function   avx       
[    9.747857] async_tx: api initialized (async)
done.
Begin: Running /scripts/init-premount ... done.
Begin: Mounting root file system ... Begin: Running /scripts/local-top ... done.
Begin: Running /scripts/local-premount ... [    9.876799] Btrfs loaded, crc32c=crc32c-intel
Scanning for Btrfs filesystems
done.
Warning: fsck not present, so skipping root file system
[    9.946407] EXT4-fs (sda1): mounted filesystem with ordered data mode. Opts: (null)
done.
Begin: Running /scripts/local-bottom ... done.
Begin: Running /scripts/init-bottom ... done.
[   11.525643] ip_tables: (C) 2000-2006 Netfilter Core Team
[   11.624459] random: crng init done
[   11.627038] random: 7 urandom warning(s) missed due to ratelimiting
[   11.709202] systemd[1]: systemd 237 running in system mode. (+PAM +AUDIT +SELINUX +IMA +APPARMOR +SMACK +SYSVINIT +UTMP +LIBCRYPTSETUP +GCRYPT +GNUTLS +ACL +XZ +LZ4 +SECCOMP +BLKID +ELFUTILS +KMOD -IDN2 +IDN -PCRE2 default-hierarchy=hybrid)
[   11.767335] systemd[1]: Detected virtualization oracle.
[   11.804027] systemd[1]: Detected architecture x86-64.

Welcome to [1mUbuntu 18.04.2 LTS[0m!

[   11.952413] systemd[1]: Set hostname to <ubuntu>.
[   12.072954] systemd[1]: Initializing machine ID from random generator.
[   12.230983] systemd[1]: Installed transient /etc/machine-id file.
[   13.978030] systemd[1]: Created slice User and Session Slice.
[[0;32m  OK  [0m] Created slice User and Session Slice.
[   14.024383] systemd[1]: Reached target User and Group Name Lookups.
[[0;32m  OK  [0m] Reached target User and Group Name Lookups.
[   14.044327] systemd[1]: Reached target System Time Synchronized.
[[0;32m  OK  [0m] Reached target System Time Synchronized.
[   14.072219] systemd[1]: Reached target Swap.
[[0;32m  OK  [0m] Reached target Swap.
[[0;32m  OK  [0m] Started Forward Password Requests to Wall Directory Watch.
[[0;32m  OK  [0m] Set up automount Arbitrary Executab…rmats File System Automount Point.
[[0;32m  OK  [0m] Created slice System Slice.
[[0;32m  OK  [0m] Listening on Network Service Netlink Socket.
[[0;32m  OK  [0m] Listening on udev Kernel Socket.
[[0;32m  OK  [0m] Listening on Journal Audit Socket.
[[0;32m  OK  [0m] Listening on /dev/initctl Compatibility Named Pipe.
[[0;32m  OK  [0m] Listening on Journal Socket (/dev/log).
[[0;32m  OK  [0m] Created slice system-serial\x2dgetty.slice.
[[0;32m  OK  [0m] Listening on Device-mapper event daemon FIFOs.
[[0;32m  OK  [0m] Reached target Slices.
[[0;32m  OK  [0m] Listening on Journal Socket.
         Starting Set the console keyboard layout...
         Starting Create list of required st…ce nodes for the current kernel...
         Mounting Kernel Debug File System...
         Starting Remount Root and Kernel File Systems...
         Mounting Huge Pages File System...
[[0;32m  OK  [0m] Listening on udev Control Socket.
         Starting udev Coldplug all Devices...
[[0;32m  OK  [0m] Listening on LVM2 poll daemon socket.
         Starting Uncomplicated firewall...
         Mounting POSIX Message Queue File System...
         Starting Load Kernel Modules...
[[0;32m  OK  [0m] Listening on LVM2 metadata daemon socket.
         Starting Monitoring of LVM2 mirrors…ng dmeventd or progress polling...
[[0;32m  OK  [0m] Listening on Syslog Socket.
         Starting Journal Service...
[[0;32m  OK  [0m] Started Create list of required sta…vice nodes for the current kernel.
[[0;32m  OK  [0m] Started Uncomplicated firewall.
         Starting Create Static Device No[   15.082595] Loading iSCSI transport class v2.0-870.
des in /dev...
[[0;32m  OK  [0m] Started udev Coldplug all Devices.
[[0;32m  OK  [0m] Started Journal Service.
[   15.273895] iscsi: registered transport (tcp)
[[0;32m  OK  [0m] Started Create Static Device Nodes in /dev.
[[0;32m  OK  [0m] Mounted Kernel Debug File System.
[[0;32m  OK  [0m] Mounted Huge Pages File System.
[[0;32m  OK  [0m] Mounted POSIX Message Queue File System.
[   15.447836] iscsi: registered transport (iser)
[[0;32m  OK  [0m] Started Load Kernel Modules.
         Mounting FUSE Control File System...
[   15.513654] EXT4-fs (sda1): re-mounted. Opts: (null)
         Starting Apply Kernel Variables...
         Mounting Kernel Configuration File System...
[[0;32m  OK  [0m] Started Remount Root and Kernel File Systems.
[[0;32m  OK  [0m] Mounted FUSE Control File System.
[[0;32m  OK  [0m] Mounted Kernel Configuration File System.
[[0;32m  OK  [0m] Started Apply Kernel Variables.
[[0;32m  OK  [0m] Started LVM2 metadata daemon.
         Starting Initial cloud-init job (pre-networking)...
         Starting udev Kernel Device Manager...
         Starting Flush Journal to Persistent Storage...
         Starting Load/Save Random Seed...
[[0;32m  OK  [0m] Started Set the console keyboard layout.
[[0;32m  OK  [0m] Started Monitoring of LVM2 mirrors,…sing dmeventd or progress polling.
[[0;32m  OK  [0m] Reached target Local File Systems (Pre).
[[0;32m  OK  [0m] Reached target Local File Systems.
         Starting AppArmor initialization...
         Starting Tell Plymouth To Write Out Runtime Data...
         Starting Commit a transient machine-id on disk...
         Starting Set console font and keymap...
         Starting ebtables ruleset management...
[[0;32m  OK  [0m] Started udev Kernel Device Manager.
[[0;32m  OK  [0m] Started Load/Save Random Seed.
[[0;32m  OK  [0m] Started Dispatch Password Requests to Console Directory Watch.
[[0;32m  OK  [0m] Reached target Local Encrypted Volumes.
[[0;32m  OK  [0m] Started Set console font and keymap.
[[0;32m  OK  [0m] Started Tell Plymouth To Write Out Runtime Data.
[[0;32m  OK  [0m] Started Flush Journal to Persistent Storage.
[[0;32m  OK  [0m] Started Commit a transient machine-id on disk.
         Starting Create Volatile Files and Directories...
[[0;32m  OK  [0m] Started Create Volatile Files and Directories.
         Starting Update UTMP about System Boot/Shutdown...
[[0;32m  OK  [0m] Found device /dev/ttyS0.
[[0;32m  OK  [0m] Started Update UTMP about System Boot/Shutdown.
[[0;32m  OK  [0m] Started ebtables ruleset management.
[[0;32m  OK  [0m] Listening on Load/Save RF Kill Switch Status /dev/rfkill Watch.
[[0;32m  OK  [0m] Started AppArmor initialization.
[   25.240622] cloud-init[413]: Cloud-init v. 18.5-21-g8ee294d5-0ubuntu1~18.04.1 running 'init-local' at Tue, 12 Mar 2019 04:09:05 +0000. Up 24.20 seconds.
[[0;32m  OK  [0m] Started Initial cloud-init job (pre-networking).
[[0;32m  OK  [0m] Reached target Network (Pre).
         Starting Network Service...
[[0;32m  OK  [0m] Started Network Service.
         Starting Wait for Network to be Configured...
         Starting Network Name Resolution...
[[0;32m  OK  [0m] Started Network Name Resolution.
[[0;32m  OK  [0m] Reached target Network.
[[0;32m  OK  [0m] Reached target Host and Network Name Lookups.
[[0;32m  OK  [0m] Started Wait for Network to be Configured.
         Starting Initial cloud-init job (metadata service crawler)...
[   28.085861] cloud-init[661]: Cloud-init v. 18.5-21-g8ee294d5-0ubuntu1~18.04.1 running 'init' at Tue, 12 Mar 2019 04:09:09 +0000. Up 27.66 seconds.
[   28.121399] cloud-init[661]: ci-info: ++++++++++++++++++++++++++++++++++++++Net device info+++++++++++++++++++++++++++++++++++++++
[   28.149895] cloud-init[661]: ci-info: +--------+-------+----------------------------+---------------+--------+-------------------+
[   28.156505] cloud-init[661]: ci-info: | Device |   Up  |          Address           |      Mask     | Scope  |     Hw-Address    |
[   28.192755] cloud-init[661]: ci-info: +--------+-------+----------------------------+---------------+--------+-------------------+
[   28.220278] cloud-init[661]: ci-info: | enp0s3 |  True |         10.0.2.15          | 255.255.255.0 | global | 02:c5:de:4e:7c:a4 |
[   28.256397] cloud-init[661]: ci-info: | enp0s3 |  True | fe80::c5:deff:fe4e:7ca4/64 |       .       |  link  | 02:c5:de:4e:7c:a4 |
[   28.280237] cloud-init[661]: ci-info: | enp0s8 | False |             .              |       .       |   .    | 08:00:27:bb:d9:53 |
[   28.321271] cloud-init[661]: ci-info: |   lo   |  True |         127.0.0.1          |   255.0.0.0   |  host  |         .         |
[   28.329362] cloud-init[661]: ci-info: |   lo   |  True |          ::1/128           |       .       |  host  |         .         |
[   28.334622] cloud-init[661]: ci-info: +--------+-------+----------------------------+---------------+--------+-------------------+
[   28.360444] cloud-init[661]: ci-info: ++++++++++++++++++++++++++++Route IPv4 info+++++++++++++++++++++++++++++
[   28.372926] cloud-init[661]: ci-info: +-------+-------------+----------+-----------------+-----------+-------+
[   28.392904] cloud-init[661]: ci-info: | Route | Destination | Gateway  |     Genmask     | Interface | Flags |
[   28.444812] cloud-init[661]: ci-info: +-------+-------------+----------+-----------------+-----------+-------+
[   28.460136] cloud-init[661]: ci-info: |   0   |   0.0.0.0   | 10.0.2.2 |     0.0.0.0     |   enp0s3  |   UG  |
[   28.481390] cloud-init[661]: ci-info: |   1   |   10.0.2.0  | 0.0.0.0  |  255.255.255.0  |   enp0s3  |   U   |
[   28.500321] cloud-init[661]: ci-info: |   2   |   10.0.2.2  | 0.0.0.0  | 255.255.255.255 |   enp0s3  |   UH  |
[   28.572529] cloud-init[661]: ci-info: +-------+-------------+----------+-----------------+-----------+-------+
[   28.608444] cloud-init[661]: ci-info: +++++++++++++++++++Route IPv6 info+++++++++++++++++++
[   28.625400] cloud-init[661]: ci-info: +-------+-------------+---------+-----------+-------+
[   28.666435] cloud-init[661]: ci-info: | Route | Destination | Gateway | Interface | Flags |
[   28.684733] cloud-init[661]: ci-info: +-------+-------------+---------+-----------+-------+
[   28.696981] cloud-init[661]: ci-info: |   1   |  fe80::/64  |    ::   |   enp0s3  |   U   |
[   28.719912] cloud-init[661]: ci-info: |   3   |    local    |    ::   |   enp0s3  |   U   |
[   28.728346] cloud-init[661]: ci-info: |   4   |   ff00::/8  |    ::   |   enp0s3  |   U   |
[   28.752764] cloud-init[661]: ci-info: +-------+-------------+---------+-----------+-------+
[   30.399119] cloud-init[661]: Generating public/private rsa key pair.
[   30.416681] cloud-init[661]: Your identification has been saved in /etc/ssh/ssh_host_rsa_key.
[   30.440906] cloud-init[661]: Your public key has been saved in /etc/ssh/ssh_host_rsa_key.pub.
[   30.455582] cloud-init[661]: The key fingerprint is:
[   30.476856] cloud-init[661]: SHA256:j9gTUVBxuXhYq1ExNylN9zJKbZ0S9j1lDaB/SfzO31A root@ubuntu-bionic
[   30.481247] cloud-init[661]: The key's randomart image is:
[   30.484327] cloud-init[661]: +---[RSA 2048]----+
[[0;32m  OK  [0m] Started Initial cloud-init job (metadata service crawler).
[   30.512977] [cloud-init[0;32m  OK  [0m[661]: ] |        .o+.=O=o=|Reached target Network is Online.

[[0;32m  OK  [0m] Reached target Remote File Systems (Pre).
[[0;32m  OK  [0m] Reached target Remote File Systems.
[   30.546111] cloud-init[661]: |         . o*===*|
         Starting Availability of block devices...
[   30.567970] [[0;32m  OK  [0m] Reached target System Initialization.
[[0;32m  OK  [0m] Listening on Open-iSCSI iscsid Socket.
cloud-init[661]: |        . .=.=B++|
         Starting LXD - unix socket.
[[0;32m  OK  [0m] Listening on D-Bus System Message Bus Socket.
[   30.585405] cloud-init[661]: |         .+o++.=.|
         Starting Socket activation for snappy daemon.[   30.604529] cloud-init[661]: |        S  +o o E|
[   30.606522] cloud-init[661]: |       o +.  . + |

[   30.607328] cloud-init[661]: |      . + .   . o|
[[   30.649702] cloud-init[661]: |         .     .o|
[   30.650079] cloud-init[661]: |                o|
[0;32m  OK  [0m] Listening on ACPID Listen Socket.
[   30.650440] cloud-init[661]: +----[SHA256]-----+
[[   30.688629] cloud-init[661]: Generating public/private dsa key pair.
[   30.688858] cloud-init[661]: Your identification has been saved in /etc/ssh/ssh_host_dsa_key.
[   30.689297] cloud-init[661]: Your public key has been saved in /etc/ssh/ssh_host_dsa_key.pub.
[   30.689644] cloud-init[661]: The key fingerprint is:
[0;32m  OK  [0m] Started Daily apt download activities.
[   30.689977] cloud-init[661]: SHA256:LPVhbi72htf4dzZ0jQNVzmMLUQFvHL1D8w9mQZyqF1Y root@ubuntu-bionic
[[0;32m  OK  [0m[   30.776805] ] cloud-initStarted Daily apt upgrade and clean activities.[661]: 
The key's randomart image is:
[[   30.833250] cloud-init[661]: +---[DSA 1024]----+
[   30.833530] cloud-init[661]: |             =+*+|
[0;32m  OK  [0m] Started Discard unused blocks once a week.
[   30.833894] cloud-init[661]: |              E=o|
[[   30.884624] cloud-init[661]: |        . o  =.B*|
[   30.884840] cloud-init[661]: |       o + .= Bo+|
[0;32m  OK  [0m] Started ACPI Events Check.
[   30.885173] cloud-init[661]: |      . S +o = ++|
[[   30.925892] cloud-init[661]: |       . o. . o.+|
[   30.926122] cloud-init[661]: |        o..+  ...|
[   30.926621] cloud-init[661]: |       ..o+ . ..o|
[   30.927171] cloud-init[661]: |         o.... o.|
[0;32m  OK  [0m] Reached target Paths.
[   30.927443] cloud-init[661]: +----[SHA256]-----+
[[   31.012889] cloud-init[661]: Generating public/private ecdsa key pair.
[   31.013174] cloud-init[661]: Your identification has been saved in /etc/ssh/ssh_host_ecdsa_key.
[0;32m  OK  [0m] Started Daily Cleanup of Temporary Directories.
[   31.013563] cloud-init[661]: Your public key has been saved in /etc/ssh/ssh_host_ecdsa_key.pub.
[[   31.047326] cloud-init[661]: The key fingerprint is:
[   31.047537] cloud-init[661]: SHA256:UAWw8uYq5Gqf7y/JMTJ6Z83FR0pGLF/9on4rkVsrrnY root@ubuntu-bionic
[   31.048161] cloud-init[661]: The key's randomart image is:
[   31.048646] cloud-init[661]: +---[ECDSA 256]---+
[   31.049192] cloud-init[661]: |      ..+o. .    |
[0;32m  OK  [0m] Started Message of the Day.
[   31.049466] cloud-init[661]: |       + o . .   |
[[   31.093219] cloud-init[661]: |    . o + .   .  |
[   31.093557] cloud-init[661]: |     o . + . . . |
[0;32m  OK  [0m] Listening on UUID daemon activation socket.
[   31.094403] cloud-init[661]: |      o S o o .  |
[[   31.117198] cloud-init[661]: |  .o =   + = .   |
[   31.117541] cloud-init[661]: | o. + B . o + .  |
[   31.118513] cloud-init[661]: | oo..B o . E o   |
[   31.119081] cloud-init[661]: |o.o+*oo...+.+..  |
[0;32m  OK  [0m] Reached target Timers.
[   31[[0;32m  OK  [0m] Stopped target Grapt         Stopping Serial Getty on ttyS0...
[[0;32m  OK  [0m] Stopped target Timers.
[[0;32m  OK  [0m] Stopped Discard unused blocks once a week.
[[0;32m  OK  [0m] Stopped Message of the Day.
[[0;32m  OK  [0m] Stopped Da         Stopping User Manager for UID 10
         Stopping LXD - container startup/shutdown...
         Stopping Virtualbox guest utils...
         Stopping D-Bus System Message Bus...
         Stopping FUSE filesystem for LXC...
         Stopping Accounts Service...
         Stopping LSB: Record successful boot for GRUB...
         Stopping LSB: automatic crash report generation...
         Stopping OpenBSD Secure Shell server...
[[0;32m  OK  [0m] Stopped target Host and Network Name Lookups.
[[0;32m  OK  [0m[[0;32m  OK  [0m] Closed Load/Save RF Kill Switch Status /dev/rfkill Watch.
         Stopping Session 4 of user vagrant.
         Stopping Availability of block devices...
         Stopping Session 7 of user vagran          Stopping LSB: Record successful boot for GRUB...
         Stopping irqbalance daemon...
         Stopping Unattended Upgrades Shutdown...
         Stopping LXD - container startup/shutdown...
         Stopping LSB: automatic crash report generation...
         Stopping Dispatcher daemon for systemd-networkd...
         Stopping System Logging Service...
         Stopping FUSE filesystem for LXC...
         Stopping OpenBSD Secure Shell server...
[[0;32m  OK  [0m] Stopped Apply the settings specified in cloud-config.
[[0;32m  OK  [0m] Stopped target Cloud-config availability.
[[0;32m  OK  [0m] Stopped Wait until snapd is fully seeded.
[[0;32m  OK  [0m] Stopped target Network is Online.
[[0;32m  OK  [0m] Stopped irqbalance daemon.
[[0;32m  OK  [0m] Stopped Dispatcher daemon for systemd-networkd.
[[0;32m  OK  [0m] Stopped Deferred execution scheduler.
[[0;32m  OK  [0m] Stopped Regular background program processing daemon.
[[0;32m  OK  [0m] Stopped Serial Getty on ttyS0.
[[0;32m  OK  [0m] Stopped Accounts Service.
[[0;32m  OK  [0m] Stopped Getty on tty1.
[[0;32m  OK  [0m] Stopped Authorization Manager.
[[0;32m  OK  [0m] Stopped OpenBSD Secure Shell server.
[[0;32m  OK  [0m] Stopped D-Bus System Message Bus.
[[0;32m  OK  [0m] Unmounted /var/lib/lxcfs.
[[0;32m  OK  [0m] Stopped Session 4 of user vagrant.
[[0;32m  OK  [0m] Stopped Session 7 of user vagrant.
[[0;32m  OK  [0m] Removed slice system-getty.slice.
[[0;32m  OK  [0m] Removed slice system-serial\x2dgetty.slice.
[[0;32m  OK  [0m] Stopped LXD - container startup/shutdown.
[[0;32m  OK  [0m] Stopped Availability of block devices.
[[0;32m  OK  [0m] Stopped Unattended Upgrades Shutdown.
[[0;32m  OK  [0m] Stopped System Logging Service.
[[0;32m  OK  [0m] Stopped FUSE filesystem for LXC.
[[0;32m  OK  [0m] Stopped User Manager for UID 1000.
[[0;32m  OK  [0m] Removed slice User Slice of vagrant.
         Stopping Login Service...
         Stopping Permit User Sessions...
[[0;32m  OK  [0m] Stopped Login Service.
[[0;32m  OK  [0m] Stopped Permit User Sessions.
[[0;32m  OK  [0m] Stopped LSB: Record successful boot for GRUB.
[[0;32m  OK  [0m] Stopped target User and Group Name Lookups.
[[0;32m  OK  [0m] Stopped LSB: automatic crash report generation.
[[0;32m  OK  [0m] Stopped target Remote File Systems.
[[0;32m  OK  [0m] Stopped target Remote File Systems (Pre).
[[0;32m  OK  [0m] Stopped Virtualbox guest utils.
[[0;32m  OK  [0m] Stopped MySQL Cluster Community Server.
[[0;32m  OK  [0m] Stopped target Network.
         Stopping Network Name Resolution...
[[0;32m  OK  [0m] Stopped target Basic System.
[[0;32m  OK  [0m] Stopped target Sockets.
[[0;32m  OK  [0m] Closed D-Bus System Message Bus Socket.
[[0;32m  OK  [0m] Closed UUID daemon activation socket.
[[0;32m  OK  [0m] Closed Open-iSCSI iscsid Socket.
[[0;32m  OK  [0m] Closed Socket activation for snappy daemon.
[[0;32m  OK  [0m] Closed Syslog Socket.
[[0;32m  OK  [0m] Closed LXD - unix socket.
[[0;32m  OK  [0m] Closed ACPID Listen Socket.
[[0;32m  OK  [0m] Stopped target Slices.
[[0;32m  OK  [0m] Removed slice User and Session Slice.
[[0;32m  OK  [0m] Stopped target Paths.
[[0;32m  OK  [0m] Stopped ACPI Events Check.
[[0;32m  OK  [0m] Stopped target System Initialization.
         Stopping Update UTMP about System Boot/Shutdown...
[[0;32m  OK  [0m] Stopped target Local Encrypted Volumes.
[[0;32m  OK  [0m] Stopped Dispatch Password Requests to Console Directory Watch.
[[0;32m  OK  [0m] Stopped Forward Password Requests to Wall Directory Watch.
[[0;32m  OK  [0m] Stopped Initial cloud-init job (metadata service crawler).
         Stopping Load/Save Random Seed...
[[0;32m  OK  [0m] Stopped Network Name Resolution.
[[0;32m  OK  [0m] Stopped Load/Save Random Seed.
         Stopping Network Service...
[[0;32m  OK  [0m] Stopped Update UTMP about System Boot/Shutdown.
[[0;32m  OK  [0m] Stopped Create Volatile Files and Directories.
[[0;32m  OK  [0m] Stopped target Local File Systems.
         Unmounting /vagrant...
         Unmounting /run/user/1000...
[[0;32m  OK  [0m] Unmounted /run/user/1000.
[[0;32m  OK  [0m] Unmounted /vagrant.
[[0;32m  OK  [0m] Stopped Network Service.
[[0;32m  OK  [0m] Stopped target Network (Pre).
[[0;32m  OK  [0m] Stopped Initial cloud-init job (pre-networking).
[[0;32m  OK  [0m] Stopped Apply Kernel Variables.
[[0;32m  OK  [0m] Stopped Load Kernel Modules.
[[0;32m  OK  [0m] Reached target Unmount All Filesystems.
[[0;32m  OK  [0m] Stopped target Local File Systems (Pre).
         Stopping Monitoring of LVM2 mirrors…ng dmeventd or progress polling...
[[0;32m  OK  [0m] Stopped Remount Root and Kernel File Systems.
[[0;32m  OK  [0m] Stopped Create Static Device Nodes in /dev.
[[0;32m  OK  [0m] Stopped target Swap.
[[0;32m  OK  [0m] Reached target Shutdown.
[[0;32m  OK  [0m] Reached target Final Step.
         Starting Power-Off...
[ 3589.534672] reboot: Power down
Cluster Community Server (22s / 10min)[K[     [0;31m*[0m] A stop job is running for MySQL Cluster Community Server (23s / 10min)[K[    [0;31m*[0;1;31m*[0m] A stop job is running for MySQL [[0;32m  OK  [0m] Stopped target Timers.
         Stopping Availability of block devices...
         Stopping Authorization Manager...
         Stopping         Stopping User Manager           Stopping Virtualbox guest utils...
         Stopping LSB: Record successful boot for GRUB...
         Stopping Unattended Upgrades Shutdown...
         Stopping System Logging Service...
         Stopping Deferred execution scheduler...
         Stopping irqbalance daemon...
         Stopping FUSE filesystem for LXC...
         Stopping D-Bus System Message Bus...
         Stopping LXD - container startup/shutdown...
[[0;32m  OK  [0m] Stopped Wait until snapd is fully seeded.
         Stopping LSB: automatic crash report generation...
         Stopping Accounts Service...
[[0;32m  OK  [0m] Stopped Dispatcher daemon for systemd-networkd.
[[0;32m  OK  [0m] Stopped Regular background program processing daemon.
[[0;32m  OK  [0m] Stopped Accounts Service.
[[0;32m  OK  [0m] Stopped Authorization Manager.
[[0;32m  OK  [0m] Stopped Deferred execution scheduler.
[[0;32m  OK  [0m] Stopped irqbalance daemon.
[[0;32m  OK  [0m] Stopped Serial Getty on ttyS0.
[[0;32m  OK  [0m] Stopped Getty on tty1.
[[0;32m  OK  [0m] Stopped OpenBSD Secure Shell server.
[[0;32m  OK  [0m] Stopped D-Bus System Message Bus.
[[0;32m  OK  [0m] Stopped Session 6 of user vagrant.
[[0;32m  OK  [0m] Stopped Session 8 of user vagrant.
[[0;32m  OK  [0m] Removed slice system-getty.slice.
[[0;32m  OK  [0m] Removed slice system-serial\x2dgetty.slice.
[[0;32m  OK  [0m] Stopped LXD - container startup/shutdown.
[[0;32m  OK  [0m] Stopped Unattended Upgrades Shutdown.
[[0;32m  OK  [0m] Unmounted /var/lib/lxcfs.
[[0;32m  OK  [0m] Stopped User Manager for UID 1000.
[[0;32m  OK  [0m] Removed slice User Slice of vagrant.
         Stopping Login Service...
         Stopping Permit User Sessions...
[[0;32m  OK  [0m] Stopped Login Service.
[[0;32m  OK  [0m] Stopped System Logging Service.
[[0;32m  OK  [0m] Stopped FUSE filesystem for LXC.
[[0;32m  OK  [0m] Stopped Permit User Sessions.
[[0;32m  OK  [0m] Stopped Availability of block devices.
[[0;32m  OK  [0m] Stopped LSB: Record successful boot for GRUB.
[[0;32m  OK  [0m] Stopped target Network.
         Stopping Network Name Resolution...
[[0;32m  OK  [0m] Stopped target User and Group Name Lookups.
[[0;32m  OK  [0m] Stopped Network Name Resolution.
         Stopping Network Service...
[[0;32m  OK  [0m] Stopped LSB: automatic crash report generation.
[[0;32m  OK  [0m] Stopped target Remote File Systems.
[[0;32m  OK  [0m] Stopped target Remote File Systems (Pre).
[[0;32m  OK  [0m] Stopped Network Service.
[[0;32m  OK  [0m] Stopped target Network (Pre).
[[0;32m  OK  [0m] Stopped Virtualbox guest utils.
[[0;32m  OK  [0m] Stopped target Basic System.
[[0;32m  OK  [0m] Stopped target Sockets.
[[0;32m  OK  [0m] Closed ACPID Listen Socket.
[[0;32m  OK  [0m] Closed D-Bus System Message Bus Socket.
[[0;32m  OK  [0m] Closed Open-iSCSI iscsid Socket.
[[0;32m  OK  [0m] Closed LXD - unix socket.
[[0;32m  OK  [0m] Closed UUID daemon activation socket.
[[0;32m  OK  [0m] Closed Socket activation for snappy daemon.
[[0;32m  OK  [0m] Closed Syslog Socket.
[[0;32m  OK  [0m] Stopped target Slices.
[[0;32m  OK  [0m] Removed slice User and Session Slice.
[[0;32m  OK  [0m] Stopped target Paths.
[[0;32m  OK  [0m] Stopped ACPI Events Check.
[[0;32m  OK  [0m] Stopped target System Initialization.
         Stopping Load/Save Random Seed...
[[0;32m  OK  [0m] Stopped target Local Encrypted Volumes.
[[0;32m  OK  [0m] Stopped Dispatch Password Requests to Console Directory Watch.
[[0;32m  OK  [0m] Stopped Forward Password Requests to Wall Directory Watch.
[[0;32m  OK  [0m] Stopped Apply Kernel Variables.
[[0;32m  OK  [0m] Stopped Load Kernel Modules.
         Stopping Update UTMP about System Boot/Shutdown...
[[0;32m  OK  [0m] Stopped Commit a transient machine-id on disk.
[[0;32m  OK  [0m] Stopped Initial cloud-init job (metadata service crawler).
[[0;32m  OK  [0m] Stopped Initial cloud-init job (pre-networking).
[[0;32m  OK  [0m] Stopped Load/Save Random Seed.
[[0;32m  OK  [0m] Stopped Update UTMP about System Boot/Shutdown.
[[0;32m  OK  [0m] Stopped Create Volatile Files and Directories.
[[0;32m  OK  [0m] Stopped target Local File Systems.
         Unmounting /run/user/1000...
         Unmounting /vagrant...
[[0;32m  OK  [0m] Unmounted /run/user/1000.
[[0;32m  OK  [0m] Unmounted /vagrant.
[[0;32m  OK  [0m] Reached target Unmount All Filesystems.
[[0;32m  OK  [0m] Stopped target Swap.
[[0;32m  OK  [0m] Stopped target Local File Systems (Pre).
         Stopping Monitoring of LVM2 mirrors…ng dmeventd or progress polling...
[[0;32m  OK  [0m] Stopped Remount Root and Kernel File Systems.
[[0;32m  OK  [0m] Stopped Create Static Device Nodes in /dev.
[[0;32m  OK  [0m] Reached target Shutdown.
[[0;32m  OK  [0m] Reached target Final Step.
         Starting Power-Off...
rget Final Step.
         Starting Power-Off...
         Stopping Monitoring of LVM2 mirrors…ng dmeventd or progress polling...
[ 2833.773082] reboot: Power down
